<?xml version="1.0" encoding="UTF-8"?>
<!-- Generated by org.testng.reporters.JUnitXMLReporter -->
<testsuite ignored="0" hostname="Dell-4bt9qc2" failures="0" tests="5" name="Default test" time="28.941" errors="0" timestamp="2025-08-12T13:38:05 IST">
  <testcase classname="TestCase.MyntraCases" name="addingProductIncart" time="14.335"/>
  <testcase classname="TestCase.MyntraCases" name="checkingPriceValue" time="2.673"/>
  <testcase classname="TestCase.MyntraCases" name="groupCheck1" time="0.002"/>
  <testcase classname="TestCase.MyntraCases" name="groupCheck2" time="0.005"/>
  <testcase classname="TestCase.MyntraCases" name="groupCheck3" time="0.004"/>
</testsuite> <!-- Default test -->
