<?xml version="1.0" encoding="UTF-8"?>
<!-- Generated by org.testng.reporters.JUnitXMLReporter -->
<testsuite ignored="0" hostname="Dell-4bt9qc2" failures="0" tests="2" name="FirefoxTest" time="5.484" errors="0" timestamp="2025-08-12T15:01:59 IST">
  <testcase classname="TestCase.MyntraCases" name="@BeforeClass setup" time="4.343">
    <failure type="java.lang.IllegalArgumentException" message="Browser not supported: firefox">
      <![CDATA[java.lang.IllegalArgumentException: Browser not supported: firefox
at TestCase.MyntraCases.setup(MyntraCases.java:63)
at java.base/java.util.ArrayList.forEach(ArrayList.java:1597)
at java.base/java.util.concurrent.FutureTask.run(FutureTask.java:317)
at java.base/java.util.concurrent.ThreadPoolExecutor.runWorker(ThreadPoolExecutor.java:1144)
at java.base/java.util.concurrent.ThreadPoolExecutor$Worker.run(ThreadPoolExecutor.java:642)
at java.base/java.lang.Thread.run(Thread.java:1575)
... Removed 13 stack frames]]>
    </failure>
  </testcase> <!-- @BeforeClass setup -->
  <testcase classname="TestCase.MyntraCases" name="@AfterClass tearDown" time="0.0">
    <skipped/>
  </testcase> <!-- @AfterClass tearDown -->
  <testcase classname="TestCase.MyntraCases" name="addingProductIncart" time="0.0">
    <skipped/>
  </testcase> <!-- addingProductIncart -->
  <testcase classname="TestCase.MyntraCases" name="checkingPriceValue" time="0.0">
    <skipped/>
  </testcase> <!-- checkingPriceValue -->
</testsuite> <!-- FirefoxTest -->
