<?xml version="1.0" encoding="UTF-8"?>
<!-- Generated by org.testng.reporters.JUnitXMLReporter -->
<testsuite ignored="0" hostname="Dell-4bt9qc2" failures="0" tests="5" name="test" time="120.799" errors="0" timestamp="2025-08-16T01:58:12 IST">
  <testcase classname="TestCase.MyntraCases" name="addingProductIncart" time="17.049"/>
  <testcase classname="TestCase.MyntraCases" name="addingProductIncart" time="13.554"/>
  <testcase classname="TestCase.MyntraCases" name="addingProductIncart" time="29.578"/>
  <testcase classname="TestCase.MyntraCases" name="addingProductIncart" time="32.89"/>
  <testcase classname="TestCase.MyntraCases" name="checkingPriceValue" time="12.785"/>
</testsuite> <!-- test -->
