<?xml version="1.0" encoding="UTF-8"?>
<testng-results ignored="0" total="5" passed="5" failed="0" skipped="0">
  <reporter-output>
  </reporter-output>
  <suite started-at="2025-08-16T01:56:11 IST" name="Suite" finished-at="2025-08-16T01:58:12 IST" duration-ms="120799">
    <groups>
    </groups>
    <test started-at="2025-08-16T01:56:11 IST" name="test" finished-at="2025-08-16T01:58:12 IST" duration-ms="120799">
      <class name="TestCase.MyntraCases">
        <test-method is-config="true" signature="setup(java.lang.String)[pri:0, instance:TestCase.MyntraCases@2e9fda69]" started-at="2025-08-16T01:56:11 IST" name="setup" finished-at="2025-08-16T01:56:25 IST" duration-ms="13676" status="PASS">
          <params>
            <param index="0">
              <value>
                <![CDATA[chrome]]>
              </value>
            </param>
          </params>
          <reporter-output>
          </reporter-output>
        </test-method> <!-- setup -->
        <test-method signature="addingProductIncart(java.lang.String)[pri:1, instance:TestCase.MyntraCases@2e9fda69]" started-at="2025-08-16T01:56:26 IST" name="addingProductIncart" data-provider="productList" finished-at="2025-08-16T01:56:43 IST" duration-ms="17049" status="PASS">
          <params>
            <param index="0">
              <value>
                <![CDATA[Attar]]>
              </value>
            </param>
          </params>
          <reporter-output>
          </reporter-output>
        </test-method> <!-- addingProductIncart -->
        <test-method signature="addingProductIncart(java.lang.String)[pri:1, instance:TestCase.MyntraCases@2e9fda69]" started-at="2025-08-16T01:56:43 IST" name="addingProductIncart" data-provider="productList" finished-at="2025-08-16T01:56:57 IST" duration-ms="13554" status="PASS">
          <params>
            <param index="0">
              <value>
                <![CDATA[Lipstick]]>
              </value>
            </param>
          </params>
          <reporter-output>
          </reporter-output>
        </test-method> <!-- addingProductIncart -->
        <test-method signature="addingProductIncart(java.lang.String)[pri:1, instance:TestCase.MyntraCases@2e9fda69]" started-at="2025-08-16T01:56:57 IST" name="addingProductIncart" data-provider="productList" finished-at="2025-08-16T01:57:26 IST" duration-ms="29578" status="PASS">
          <params>
            <param index="0">
              <value>
                <![CDATA[Hair Colour]]>
              </value>
            </param>
          </params>
          <reporter-output>
          </reporter-output>
        </test-method> <!-- addingProductIncart -->
        <test-method signature="addingProductIncart(java.lang.String)[pri:1, instance:TestCase.MyntraCases@2e9fda69]" started-at="2025-08-16T01:57:26 IST" name="addingProductIncart" data-provider="productList" finished-at="2025-08-16T01:57:59 IST" duration-ms="32890" status="PASS">
          <params>
            <param index="0">
              <value>
                <![CDATA[soap]]>
              </value>
            </param>
          </params>
          <reporter-output>
          </reporter-output>
        </test-method> <!-- addingProductIncart -->
        <test-method signature="checkingPriceValue()[pri:2, instance:TestCase.MyntraCases@2e9fda69]" started-at="2025-08-16T01:57:59 IST" name="checkingPriceValue" finished-at="2025-08-16T01:58:12 IST" depends-on-methods="TestCase.MyntraCases.addingProductIncart" duration-ms="12785" status="PASS">
          <reporter-output>
          </reporter-output>
        </test-method> <!-- checkingPriceValue -->
        <test-method is-config="true" signature="tearDown()[pri:0, instance:TestCase.MyntraCases@2e9fda69]" started-at="2025-08-16T01:58:12 IST" name="tearDown" finished-at="2025-08-16T01:58:12 IST" duration-ms="324" status="PASS">
          <reporter-output>
          </reporter-output>
        </test-method> <!-- tearDown -->
      </class> <!-- TestCase.MyntraCases -->
    </test> <!-- test -->
  </suite> <!-- Suite -->
</testng-results>
